Log file open, 12/27/14 00:30:14
LogInit:Display: Running engine for game: phy_start
LogInit: Version: 4.6.1-2386410+++depot+UE4-Releases+4.6
LogInit: API Version: 2369412
LogInit: Compiled (64-bit): Dec 11 2014 21:31:39
LogInit: Compiled with Visual C++: 18.00.21005.01
LogInit: Build Configuration: Development
LogInit: Branch Name: ++depot+UE4-Releases+4.6
LogInit: Command line:  
LogInit: Base directory: H:/Program Files/Unreal Engine/4.6/Engine/Binaries/Win64/
LogInit: Rocket: 1
[2014.12.26-15.30.14:527][  0]LogTaskGraph: Started task graph with 3 named threads and 8 total threads.
[2014.12.26-15.30.14:613][  0]LogOnline:Warning: No default platform service specified for OnlineSubsystem
[2014.12.26-15.30.14:651][  0]LogInit: Presizing for 0 objects not considered by GC, pre-allocating 0 bytes.
[2014.12.26-15.30.14:663][  0]LogInit: Object subsystem initialized
[2014.12.26-15.30.14:665][  0]LogConsoleResponse:Warning: Skipping Unknown console variable: 'UIScaleRule = ShortestSide'
[2014.12.26-15.30.14:665][  0]LogConsoleResponse:Warning:   Found in ini file 'H:/Users/VAIOUSER/Documents/Unreal Projects/phy_start/Saved/Config/Windows/Engine.ini', in section '[/Script/Engine.RendererSettings]'
[2014.12.26-15.30.14:665][  0]LogConsoleResponse:Warning: Skipping Unknown console variable: 'UIScaleCurve = (EditorCurveData=(Keys=),ExternalCurve=None)'
[2014.12.26-15.30.14:665][  0]LogConsoleResponse:Warning:   Found in ini file 'H:/Users/VAIOUSER/Documents/Unreal Projects/phy_start/Saved/Config/Windows/Engine.ini', in section '[/Script/Engine.RendererSettings]'
[2014.12.26-15.30.14:666][  0]LogConsoleManager:Warning: Console variable 'r.MSAA.CompositingSampleCount' wasn't set (Priority ProjectSetting < Scalability)
[2014.12.26-15.30.14:666][  0]LogInit: Selected Device Profile: [Windows]
[2014.12.26-15.30.14:666][  0]LogInit: Applying CVar settings loaded from the selected device profile: [Windows]
[2014.12.26-15.30.14:680][  0]LogInit: Computer: VAIOUSER-PC
[2014.12.26-15.30.14:680][  0]LogInit: User: vaiouser
[2014.12.26-15.30.14:680][  0]LogInit: CPU Page size=4096, Cores=8
[2014.12.26-15.30.14:680][  0]LogInit: High frequency timer resolution =2.350791 MHz
[2014.12.26-15.30.14:681][  0]LogMemory: Memory total: Physical=15.9GB (16GB approx) Virtual=8192.0GB
[2014.12.26-15.30.14:681][  0]LogMemory: Platform Memory Stats for Windows
[2014.12.26-15.30.14:681][  0]LogMemory: Process Physical Memory: 53.77 MB used, 53.77 MB peak
[2014.12.26-15.30.14:681][  0]LogMemory: Process Virtual Memory: 28.63 MB used, 28.63 MB peak
[2014.12.26-15.30.14:681][  0]LogMemory: Physical Memory: 5881.36 MB used, 16324.69 MB total
[2014.12.26-15.30.14:681][  0]LogMemory: Virtual Memory: 266.88 MB used, 8388608.00 MB total
[2014.12.26-15.30.14:749][  0]LogD3D11RHI: Found D3D11 adapter 0: NVIDIA GeForce GTX 660   (Feature Level 11_0)
[2014.12.26-15.30.14:750][  0]LogD3D11RHI: Adapter has 1989MB of dedicated video memory, 0MB of dedicated system memory, and 2048MB of shared system memory, 1 output[s]
[2014.12.26-15.30.14:750][  0]LogD3D11RHI: Chosen D3D11 Adapter Id = 0
[2014.12.26-15.30.14:758][  0]LogRHI: Texture pool is 1361 MB (70% of 1945 MB)
[2014.12.26-15.30.14:772][  0]LogD3D11RHI: Async texture creation enabled
[2014.12.26-15.30.15:406][  0]LogTextLocalizationManager: The requested culture ('ja_JP') has no localization data; parent culture's ('ja') localization data will be used.
[2014.12.26-15.30.15:631][  0]LogContentStreaming: Texture pool size is 0.000000MB
[2014.12.26-15.30.24:972][  0]LogTargetPlatformManager:Display: Building Assets For Windows
[2014.12.26-15.30.25:803][  0]LogTargetPlatformManager:Display: Building Assets For Windows
[2014.12.26-15.30.25:880][  0]LogDerivedDataCache:Display: Max Cache Size: 512 MB
[2014.12.26-15.30.25:942][  0]LogDerivedDataCache: Loaded boot cache 0.06s 39MB C:/Users/vaiouser/AppData/Local/UnrealEngine/4.6/DerivedDataCache/Boot.ddc.
[2014.12.26-15.30.25:942][  0]LogDerivedDataCache:Display: Loaded Boot cache: C:/Users/vaiouser/AppData/Local/UnrealEngine/4.6/DerivedDataCache/Boot.ddc
[2014.12.26-15.30.25:942][  0]LogDerivedDataCache: FDerivedDataBackendGraph:  Pak pak cache file ../../../../../../Users/VAIOUSER/Documents/Unreal Projects/phy_start/DerivedDataCache/DDC.ddp not found, will not use a pak cache.
[2014.12.26-15.30.25:942][  0]LogDerivedDataCache: Unable to find inner node Pak for hierarchical cache Hierarchy.
[2014.12.26-15.30.26:040][  0]LogDerivedDataCache:Display: Pak cache opened for reading ../../../Engine/DerivedDataCache/DDC.ddp.
[2014.12.26-15.30.26:058][  0]LogDerivedDataCache: Using Local data cache path C:/Users/vaiouser/AppData/Local/UnrealEngine/Common/DerivedDataCache: Writable
[2014.12.26-15.30.26:387][  0]LogCollisionProfile:Warning: Profile (UI) - Custom Channel Name = 'Weapon' hasn't been found
[2014.12.26-15.30.26:665][  0]LogMeshUtilities: No automatic mesh reduction module available
[2014.12.26-15.30.26:665][  0]LogMeshUtilities: No automatic mesh merging module available
[2014.12.26-15.30.27:395][  0]LogInit: WinSock: version 1.1 (2.2), MaxSocks=32767, MaxUdp=65467
[2014.12.26-15.30.27:487][  0]LogSlate:Warning: Failed to load font data from '../../../Engine/Content/Slate/Fonts/Roboto-Italic.ttf'
[2014.12.26-15.30.29:758][  0]UdpMessaging: Initializing bridge on interface 0.0.0.0:0 to multicast group 230.0.0.1:6666.
[2014.12.26-15.30.30:089][  0]LogDirectoryWatcher:Warning: Failed to begin reading directory changes for H:/Users/VAIOUSER/Documents/Unreal Projects/phy_start/Binaries/Win64. Error: 0
[2014.12.26-15.30.30:399][  0]SourceControl: 情報 ソースコントロールは無効です
[2014.12.26-15.30.30:399][  0]SourceControl: 情報 ソースコントロールは無効です
[2014.12.26-15.30.30:410][  0]SourceControl: 情報 ソースコントロールは無効です
[2014.12.26-15.30.30:697][  0]LogAssetRegistry: FAssetRegistry took 0.0102 seconds to start up
[2014.12.26-15.30.30:697][  0]LogDirectoryWatcher:Warning: Failed to begin reading directory changes for ../../../Engine/Plugins/Experimental/CharacterAI/Content/. Error: 0
[2014.12.26-15.30.30:739][  0]LogObj: 23907 objects as part of root set at end of initial load.
[2014.12.26-15.30.30:739][  0]LogUObjectAllocator: 5195336 out of 0 bytes used by permanent object pool.
[2014.12.26-15.30.30:828][  0]LogEngine: Initializing Engine...
[2014.12.26-15.30.31:057][  0]LogInit: XAudio2 using 'スピーカー (Realtek High Definition Audio)' : 2 channels at 48 kHz using 32 bits per sample (channel mask 0x3)
[2014.12.26-15.30.31:087][  0]LogInit: FAudioDevice initialized.
[2014.12.26-15.30.31:128][  0]LogAIModule: Creating AISystem for world NewWorld
[2014.12.26-15.30.31:156][  0]LogDerivedDataCache: Saved boot cache 0.03s 39MB C:/Users/vaiouser/AppData/Local/UnrealEngine/4.6/DerivedDataCache/Boot.ddc.
[2014.12.26-15.30.31:165][  0]LogInit: Texture streaming: Enabled
[2014.12.26-15.30.31:209][  0]LogAnalytics: Creating configured Analytics provider AnalyticsET
[2014.12.26-15.30.31:209][  0]LogAnalytics: ET APIKey = Rocket.Release. APIServer = http://et2.epicgames.com/ET2/. AppVersion = 4.6.1-2386410+++depot+UE4-Releases+4.6
[2014.12.26-15.30.31:213][  0]LogAnalytics: SetUserId 27b19a72d94e7ba912d2751e96094a15
[2014.12.26-15.30.31:213][  0]LogAnalytics: AnalyticsET::StartSession [Rocket.Release]
[2014.12.26-15.30.31:245][  0]LogInit: Transaction tracking system initialized
[2014.12.26-15.30.31:436][  0]BlueprintLog: New page: エディタの読み込み
[2014.12.26-15.30.32:324][  0]LogTargetPlatformManager:Display: Building Assets For Windows
[2014.12.26-15.30.32:922][  0]LogTargetPlatformManager:Display: Building Assets For Windows
[2014.12.26-15.30.33:225][  0]LogConsoleResponse:Display: 
[2014.12.26-15.30.33:298][  0]LogLinker:Warning: Asset '../../../Engine/Content/Functions/Engine_MaterialFunctions03/Procedurals/ComputeFilterWidth.uasset' has been saved with empty engine version. The asset will be loaded but may be incompatible.
[2014.12.26-15.30.33:648][  0]SourceControl: 情報 ソースコントロールは無効です
[2014.12.26-15.30.33:648][  0]Cmd: MAP LOAD FILE="../../../../../../Users/VAIOUSER/Documents/Unreal Projects/phy_start/Content/Maps/Untitled.umap" TEMPLATE=0 SHOWPROGRESS=1
[2014.12.26-15.30.33:649][  0]LightingResults: New page: ライティングのビルド
[2014.12.26-15.30.33:663][  0]MapCheck: New page: マップをチェック
[2014.12.26-15.30.33:663][  0]LightingResults: New page: <何も選択されていません>
[2014.12.26-15.30.33:672][  0]LogParticles: Destroying 0 GPU particle simulations for FXSystem 0x000000001AFBAAC0
[2014.12.26-15.30.34:680][  0]LogPhysics:Warning: Attempting to create a linear joint drive for an locked axis.
[2014.12.26-15.30.34:683][  0]LogEditorServer: Finished looking for orphan Actors (0.000 secs)
[2014.12.26-15.30.34:683][  0]LogAIModule: Creating AISystem for world Untitled
[2014.12.26-15.30.34:684][  0]Cmd: MAP CHECKDEP
[2014.12.26-15.30.34:684][  0]MapCheck: New page: Untitled - 2014/12/27 9:30:34
[2014.12.26-15.30.34:933][  0]MapCheck: 情報 マップチェックが完了: 0 エラー、 0 警告、完了に 249.356ミリ秒かかりました。
[2014.12.26-15.30.34:933][  0]LogFileHelpers: Loading map 'Untitled' took 1.286
[2014.12.26-15.30.35:043][  0]LogCollectionManager: Loaded 0 collections in 0.001451 seconds
[2014.12.26-15.30.35:237][  0]LogCrashTracker: Crashtracker disabled due to settings.
[2014.12.26-15.30.35:251][  0]LogUObjectGlobals:Warning: オブジェクト 'Class なし.' が見つかりませんでした
[2014.12.26-15.30.35:309][  0]LogLoad: Full Startup: 23.63 seconds (BP compile: 0.07 seconds)
[2014.12.26-15.30.35:659][  0]LogContentBrowser:Verbose: The content browser source was changed by the sources view to '/Game/phy'
[2014.12.26-15.30.35:965][  0]LogRenderer:Warning: Reallocating scene render targets to support 840x1016.
[2014.12.26-15.30.37:171][  4]LogAssetRegistry: Asset discovery search completed in 6.4844 seconds
[2014.12.26-15.49.29:398][275]LogPlayLevel: PIE:  No blueprints needed recompiling
[2014.12.26-15.49.29:398][275]PIE: New page: PIEセッション: Untitled (2014/12/27 9:49:29)
[2014.12.26-15.49.29:409][275]LogPlayLevel: PIE: StaticDuplicateObject took: (0.010358s)
[2014.12.26-15.49.29:411][275]LogPlayLevel: PIE: World Init took: (0.001441s)
[2014.12.26-15.49.29:411][275]LogPlayLevel: PIE: Created PIE world by copying editor world from /Game/Maps/Untitled.Untitled to /Game/Maps/UEDPIE_0_Untitled.Untitled (0.012160s)
[2014.12.26-15.49.29:470][275]LogWorld: Game class is 'GameMode'
[2014.12.26-15.49.29:476][275]LogAIModule: Creating AISystem for world Untitled
[2014.12.26-15.49.29:479][275]LogPhysics:Warning: Attempting to create a linear joint drive for an locked axis.
[2014.12.26-15.49.29:483][275]LogWorld: Bringing World /Game/Maps/UEDPIE_0_Untitled.Untitled up for play (max tick rate 0) at 2014.12.27-00.49.29
[2014.12.26-15.49.29:484][275]LogWorld: Bringing up level for play took: 0.007559
[2014.12.26-15.49.29:487][275]PIE: 情報 /Game/Maps/UEDPIE_0_Untitled -0.741のPIE開始時間
[2014.12.26-15.50.10:122][ 37]LogParticles: Destroying 0 GPU particle simulations for FXSystem 0x0000000022065EE0
[2014.12.26-15.50.12:770][115]Cmd: QUIT_EDITOR
[2014.12.26-15.50.13:350][115]LogExit: Preparing to exit.
[2014.12.26-15.50.13:933][115]LogExit: Editor shut down
[2014.12.26-15.50.13:933][115]LogExit: Transaction tracking system shut down
[2014.12.26-15.50.13:934][115]LogParticles: Destroying 0 GPU particle simulations for FXSystem 0x000000001CC57F60
[2014.12.26-15.50.13:959][115]LogParticles: Destroying 0 GPU particle simulations for FXSystem 0x0000000022DE74C0
[2014.12.26-15.50.13:959][115]LogParticles: Destroying 0 GPU particle simulations for FXSystem 0x0000000022DE4220
[2014.12.26-15.50.13:959][115]LogExit: Object subsystem successfully closed.
[2014.12.26-15.50.14:038][115]LogModuleManager: Shutting down and abandoning module AndroidDeviceDetection (174)
[2014.12.26-15.50.14:915][115]LogModuleManager: Shutting down and abandoning module CrashTracker (173)
[2014.12.26-15.50.14:915][115]LogModuleManager: Shutting down and abandoning module SuperSearch (172)
[2014.12.26-15.50.14:915][115]LogModuleManager: Shutting down and abandoning module SceneOutliner (171)
[2014.12.26-15.50.14:915][115]LogModuleManager: Shutting down and abandoning module EditorWidgets (170)
[2014.12.26-15.50.14:915][115]LogModuleManager: Shutting down and abandoning module CollectionManager (169)
[2014.12.26-15.50.14:915][115]LogModuleManager: Shutting down and abandoning module StatsViewer (168)
[2014.12.26-15.50.14:915][115]LogModuleManager: Shutting down and abandoning module FoliageEdit (167)
[2014.12.26-15.50.14:915][115]LogModuleManager: Shutting down and abandoning module LandscapeEditor (166)
[2014.12.26-15.50.14:916][115]LogModuleManager: Shutting down and abandoning module MeshPaint (165)
[2014.12.26-15.50.14:916][115]LogModuleManager: Shutting down and abandoning module ActorPickerMode (164)
[2014.12.26-15.50.14:916][115]LogModuleManager: Shutting down and abandoning module GeometryMode (163)
[2014.12.26-15.50.14:916][115]LogModuleManager: Shutting down and abandoning module TextureAlignMode (162)
[2014.12.26-15.50.14:916][115]LogModuleManager: Shutting down and abandoning module BspMode (161)
[2014.12.26-15.50.14:916][115]LogModuleManager: Shutting down and abandoning module PlacementMode (160)
[2014.12.26-15.50.14:916][115]LogModuleManager: Shutting down and abandoning module AutomationWorker (159)
[2014.12.26-15.50.14:916][115]LogModuleManager: Shutting down and abandoning module CharacterAI (158)
[2014.12.26-15.50.14:916][115]LogModuleManager: Shutting down and abandoning module GameProjectGeneration (157)
[2014.12.26-15.50.14:916][115]LogModuleManager: Shutting down and abandoning module IntroTutorials (156)
[2014.12.26-15.50.14:916][115]LogModuleManager: Shutting down and abandoning module EditorLiveStreaming (155)
[2014.12.26-15.50.14:916][115]LogModuleManager: Shutting down and abandoning module HardwareTargeting (154)
[2014.12.26-15.50.14:916][115]LogModuleManager: Shutting down and abandoning module DeviceProfileEditor (153)
[2014.12.26-15.50.14:916][115]LogModuleManager: Shutting down and abandoning module UndoHistory (152)
[2014.12.26-15.50.14:916][115]LogModuleManager: Shutting down and abandoning module GameplayTagsEditor (151)
[2014.12.26-15.50.14:916][115]LogModuleManager: Shutting down and abandoning module UserFeedback (150)
[2014.12.26-15.50.14:916][115]LogModuleManager: Shutting down and abandoning module XmlParser (149)
[2014.12.26-15.50.14:916][115]LogModuleManager: Shutting down and abandoning module Blutility (148)
[2014.12.26-15.50.14:916][115]LogModuleManager: Shutting down and abandoning module IOSPlatformEditor (147)
[2014.12.26-15.50.14:916][115]LogModuleManager: Shutting down and abandoning module IOSRuntimeSettings (146)
[2014.12.26-15.50.14:916][115]LogModuleManager: Shutting down and abandoning module AndroidPlatformEditor (145)
[2014.12.26-15.50.14:916][115]LogModuleManager: Shutting down and abandoning module AndroidRuntimeSettings (144)
[2014.12.26-15.50.14:916][115]LogModuleManager: Shutting down and abandoning module ProjectTargetPlatformEditor (143)
[2014.12.26-15.50.14:917][115]LogModuleManager: Shutting down and abandoning module ProjectSettingsViewer (142)
[2014.12.26-15.50.14:917][115]LogModuleManager: Shutting down and abandoning module InputBindingEditor (141)
[2014.12.26-15.50.14:917][115]LogModuleManager: Shutting down and abandoning module EditorSettingsViewer (140)
[2014.12.26-15.50.14:917][115]LogModuleManager: Shutting down and abandoning module SettingsEditor (139)
[2014.12.26-15.50.14:917][115]LogModuleManager: Shutting down and abandoning module ProjectLauncher (138)
[2014.12.26-15.50.14:917][115]LogModuleManager: Shutting down and abandoning module SessionFrontend (137)
[2014.12.26-15.50.14:917][115]LogModuleManager: Shutting down and abandoning module ProfilerClient (136)
[2014.12.26-15.50.14:917][115]LogModuleManager: Shutting down and abandoning module TargetDeviceServices (135)
[2014.12.26-15.50.14:917][115]LogModuleManager: Shutting down and abandoning module DeviceManager (134)
[2014.12.26-15.50.14:918][115]LogModuleManager: Shutting down and abandoning module AutomationController (133)
[2014.12.26-15.50.14:918][115]LogModuleManager: Shutting down and abandoning module AutomationWindow (132)
[2014.12.26-15.50.14:918][115]LogModuleManager: Shutting down and abandoning module Layers (131)
[2014.12.26-15.50.14:918][115]LogModuleManager: Shutting down and abandoning module ComponentVisualizers (130)
[2014.12.26-15.50.14:918][115]LogModuleManager: Shutting down and abandoning module DetailCustomizations (129)
[2014.12.26-15.50.14:918][115]LogModuleManager: Shutting down and abandoning module PackagesDialog (128)
[2014.12.26-15.50.14:918][115]LogModuleManager: Shutting down and abandoning module Persona (127)
[2014.12.26-15.50.14:918][115]LogModuleManager: Shutting down and abandoning module Kismet (126)
[2014.12.26-15.50.14:918][115]LogModuleManager: Shutting down and abandoning module GraphEditor (125)
[2014.12.26-15.50.14:918][115]LogModuleManager: Shutting down and abandoning module ClassViewer (124)
[2014.12.26-15.50.14:918][115]LogModuleManager: Shutting down and abandoning module Toolbox (123)
[2014.12.26-15.50.14:918][115]LogModuleManager: Shutting down and abandoning module ModuleUI (122)
[2014.12.26-15.50.14:918][115]LogModuleManager: Shutting down and abandoning module MovieSceneTools (121)
[2014.12.26-15.50.14:918][115]LogModuleManager: Shutting down and abandoning module OutputLog (120)
[2014.12.26-15.50.14:919][115]LogModuleManager: Shutting down and abandoning module GammaUI (119)
[2014.12.26-15.50.14:919][115]LogModuleManager: Shutting down and abandoning module Documentation (118)
[2014.12.26-15.50.14:919][115]LogModuleManager: Shutting down and abandoning module GameLiveStreaming (117)
[2014.12.26-15.50.14:919][115]LogModuleManager: Shutting down and abandoning module StreamingPauseRendering (116)
[2014.12.26-15.50.14:919][115]LogModuleManager: Shutting down and abandoning module HTTP (115)
[2014.12.26-15.50.14:919][115]LogModuleManager: Shutting down and abandoning module AnalyticsET (114)
[2014.12.26-15.50.14:919][115]LogModuleManager: Shutting down and abandoning module Analytics (113)
[2014.12.26-15.50.14:919][115]LogModuleManager: Shutting down and abandoning module AITestSuite (112)
[2014.12.26-15.50.14:919][115]LogModuleManager: Shutting down and abandoning module AIModule (111)
[2014.12.26-15.50.14:919][115]LogModuleManager: Shutting down and abandoning module ProfilerService (110)
[2014.12.26-15.50.15:095][115]LogModuleManager: Shutting down and abandoning module TaskGraph (109)
[2014.12.26-15.50.15:095][115]LogModuleManager: Shutting down and abandoning module GameplayDebugger (108)
[2014.12.26-15.50.15:095][115]LogModuleManager: Shutting down and abandoning module SubstanceEditor (107)
[2014.12.26-15.50.15:095][115]LogModuleManager: Shutting down and abandoning module AssetRegistry (106)
[2014.12.26-15.50.15:175][115]LogModuleManager: Shutting down and abandoning module SubstanceCore (105)
[2014.12.26-15.50.15:175][115]LogModuleManager: Shutting down and abandoning module SlateRemote (104)
[2014.12.26-15.50.15:175][115]LogModuleManager: Shutting down and abandoning module ScriptEditorPlugin (103)
[2014.12.26-15.50.15:175][115]LogModuleManager: Shutting down and abandoning module CustomMeshComponent (102)
[2014.12.26-15.50.15:175][115]LogModuleManager: Shutting down and abandoning module CableComponent (101)
[2014.12.26-15.50.15:175][115]LogModuleManager: Shutting down and abandoning module MessagingDebugger (100)
[2014.12.26-15.50.15:175][115]LogModuleManager: Shutting down and abandoning module MediaPlayerEditor (99)
[2014.12.26-15.50.15:175][115]LogModuleManager: Shutting down and abandoning module SpeedTreeImporter (98)
[2014.12.26-15.50.15:175][115]LogModuleManager: Shutting down and abandoning module PluginsEditor (97)
[2014.12.26-15.50.15:175][115]LogModuleManager: Shutting down and abandoning module EpicSurvey (96)
[2014.12.26-15.50.15:175][115]LogModuleManager: Shutting down and abandoning module DesktopPlatform (95)
[2014.12.26-15.50.15:175][115]LogModuleManager: Shutting down and abandoning module VisualStudioSourceCodeAccess (94)
[2014.12.26-15.50.15:175][115]LogModuleManager: Shutting down and abandoning module UObjectPlugin (93)
[2014.12.26-15.50.15:175][115]LogModuleManager: Shutting down and abandoning module SubversionSourceControl (92)
[2014.12.26-15.50.15:175][115]LogModuleManager: Shutting down and abandoning module SourceControl (91)
[2014.12.26-15.50.15:176][115]LogModuleManager: Shutting down and abandoning module PerforceSourceControl (90)
[2014.12.26-15.50.15:176][115]LogModuleManager: Shutting down and abandoning module BlankPlugin (89)
[2014.12.26-15.50.15:176][115]LogModuleManager: Shutting down and abandoning module SlateReflector (88)
[2014.12.26-15.50.15:176][115]LogModuleManager: Shutting down and abandoning module DirectoryWatcher (87)
[2014.12.26-15.50.15:176][115]LogModuleManager: Shutting down and abandoning module HotReload (86)
[2014.12.26-15.50.15:176][115]LogModuleManager: Shutting down and abandoning module MainFrame (85)
[2014.12.26-15.50.15:176][115]LogModuleManager: Shutting down and abandoning module LevelEditor (84)
[2014.12.26-15.50.15:178][115]LogModuleManager: Shutting down and abandoning module ViewportSnapping (83)
[2014.12.26-15.50.15:178][115]LogModuleManager: Shutting down and abandoning module SmartSnapping (82)
[2014.12.26-15.50.15:178][115]LogModuleManager: Shutting down and abandoning module PaperTiledImporter (81)
[2014.12.26-15.50.15:178][115]LogModuleManager: Shutting down and abandoning module PaperJsonImporter (80)
[2014.12.26-15.50.15:178][115]LogModuleManager: Shutting down and abandoning module ContentBrowser (79)
[2014.12.26-15.50.15:178][115]LogModuleManager: Shutting down and abandoning module Paper2DEditor (78)
[2014.12.26-15.50.15:179][115]LogModuleManager: Shutting down and abandoning module ScriptPlugin (77)
[2014.12.26-15.50.15:179][115]LogModuleManager: Shutting down and abandoning module UdpMessaging (76)
[2014.12.26-15.50.15:279][115]LogModuleManager: Shutting down and abandoning module Paper2D (75)
[2014.12.26-15.50.15:279][115]LogModuleManager: Shutting down and abandoning module UE4Game (74)
[2014.12.26-15.50.15:279][115]LogModuleManager: Shutting down and abandoning module WindowsMoviePlayer (73)
[2014.12.26-15.50.15:285][115]LogModuleManager: Shutting down and abandoning module Media (72)
[2014.12.26-15.50.15:285][115]LogModuleManager: Shutting down and abandoning module WmfMedia (71)
[2014.12.26-15.50.15:286][115]LogModuleManager: Shutting down and abandoning module OnlineBlueprintSupport (70)
[2014.12.26-15.50.15:286][115]LogModuleManager: Shutting down and abandoning module PropertyEditor (69)
[2014.12.26-15.50.15:286][115]LogModuleManager: Shutting down and abandoning module BehaviorTreeEditor (68)
[2014.12.26-15.50.15:286][115]LogModuleManager: Shutting down and abandoning module FunctionalTesting (67)
[2014.12.26-15.50.15:286][115]LogModuleManager: Shutting down and abandoning module CollisionAnalyzer (66)
[2014.12.26-15.50.15:286][115]LogModuleManager: Shutting down and abandoning module WorkspaceMenuStructure (65)
[2014.12.26-15.50.15:286][115]LogModuleManager: Shutting down and abandoning module MessageLog (64)
[2014.12.26-15.50.15:286][115]LogModuleManager: Shutting down and abandoning module Sequencer (63)
[2014.12.26-15.50.15:286][115]LogModuleManager: Shutting down and abandoning module AssetTools (62)
[2014.12.26-15.50.15:286][115]LogModuleManager: Shutting down and abandoning module UMGEditor (61)
[2014.12.26-15.50.15:286][115]LogModuleManager: Shutting down and abandoning module UMG (60)
[2014.12.26-15.50.15:287][115]LogModuleManager: Shutting down and abandoning module Slate (59)
[2014.12.26-15.50.15:287][115]LogModuleManager: Shutting down and abandoning module EditorStyle (58)
[2014.12.26-15.50.15:296][115]LogModuleManager: Shutting down and abandoning module SessionServices (57)
[2014.12.26-15.50.15:296][115]LogModuleManager: Shutting down and abandoning module SourceCodeAccess (56)
[2014.12.26-15.50.15:296][115]LogModuleManager: Shutting down and abandoning module HeadMountedDisplay (55)
[2014.12.26-15.50.15:296][115]LogModuleManager: Shutting down and abandoning module XAudio2 (54)
[2014.12.26-15.50.15:296][115]LogModuleManager: Shutting down and abandoning module Networking (52)
[2014.12.26-15.50.15:296][115]LogModuleManager: Shutting down and abandoning module Core (51)
[2014.12.26-15.50.15:296][115]LogModuleManager: Shutting down and abandoning module KismetCompiler (50)
[2014.12.26-15.50.15:296][115]LogModuleManager: Shutting down and abandoning module PhysXFormats (49)
[2014.12.26-15.50.15:296][115]LogModuleManager: Shutting down and abandoning module MeshUtilities (48)
[2014.12.26-15.50.15:296][115]LogModuleManager: Shutting down and abandoning module DerivedDataCache (47)
[2014.12.26-15.50.15:382][115]LogDerivedDataCache: Shutdown
[2014.12.26-15.50.15:382][115]LogModuleManager: Shutting down and abandoning module ShaderFormatOpenGL (46)
[2014.12.26-15.50.15:382][115]LogModuleManager: Shutting down and abandoning module ShaderFormatD3D (45)
[2014.12.26-15.50.15:382][115]LogModuleManager: Shutting down and abandoning module MetalShaderFormat (44)
[2014.12.26-15.50.15:382][115]LogModuleManager: Shutting down and abandoning module TextureFormatUncompressed (43)
[2014.12.26-15.50.15:382][115]LogModuleManager: Shutting down and abandoning module TextureFormatPVR (42)
[2014.12.26-15.50.15:382][115]LogModuleManager: Shutting down and abandoning module TextureFormatDXT (41)
[2014.12.26-15.50.15:382][115]LogModuleManager: Shutting down and abandoning module TextureFormatAndroid (40)
[2014.12.26-15.50.15:382][115]LogModuleManager: Shutting down and abandoning module AudioFormatOpus (39)
[2014.12.26-15.50.15:382][115]LogModuleManager: Shutting down and abandoning module AudioFormatOgg (38)
[2014.12.26-15.50.15:382][115]LogModuleManager: Shutting down and abandoning module AudioFormatADPCM (37)
[2014.12.26-15.50.15:382][115]LogModuleManager: Shutting down and abandoning module LinuxTargetPlatform (36)
[2014.12.26-15.50.15:382][115]LogModuleManager: Shutting down and abandoning module LinuxServerTargetPlatform (35)
[2014.12.26-15.50.15:382][115]LogModuleManager: Shutting down and abandoning module LinuxNoEditorTargetPlatform (34)
[2014.12.26-15.50.15:382][115]LogModuleManager: Shutting down and abandoning module Messaging (33)
[2014.12.26-15.50.15:382][115]LogModuleManager: Shutting down and abandoning module IOSTargetPlatform (32)
[2014.12.26-15.50.15:382][115]LogModuleManager: Shutting down and abandoning module Android_PVRTCTargetPlatform (31)
[2014.12.26-15.50.15:382][115]LogModuleManager: Shutting down and abandoning module Android_ETC2TargetPlatform (30)
[2014.12.26-15.50.15:382][115]LogModuleManager: Shutting down and abandoning module Android_ETC1TargetPlatform (29)
[2014.12.26-15.50.15:382][115]LogModuleManager: Shutting down and abandoning module Android_DXTTargetPlatform (28)
[2014.12.26-15.50.15:382][115]LogModuleManager: Shutting down and abandoning module Android_ATCTargetPlatform (27)
[2014.12.26-15.50.15:382][115]LogModuleManager: Shutting down and abandoning module AndroidTargetPlatform (26)
[2014.12.26-15.50.15:383][115]LogModuleManager: Shutting down and abandoning module WindowsTargetPlatform (25)
[2014.12.26-15.50.15:383][115]LogModuleManager: Shutting down and abandoning module WindowsServerTargetPlatform (24)
[2014.12.26-15.50.15:383][115]LogModuleManager: Shutting down and abandoning module WindowsNoEditorTargetPlatform (23)
[2014.12.26-15.50.15:383][115]LogModuleManager: Shutting down and abandoning module WindowsClientTargetPlatform (22)
[2014.12.26-15.50.15:383][115]LogModuleManager: Shutting down and abandoning module TargetPlatform (21)
[2014.12.26-15.50.15:383][115]LogModuleManager: Shutting down and abandoning module InputCore (20)
[2014.12.26-15.50.15:383][115]LogModuleManager: Shutting down and abandoning module Settings (19)
[2014.12.26-15.50.15:383][115]LogModuleManager: Shutting down and abandoning module ImageWrapper (18)
[2014.12.26-15.50.15:383][115]LogModuleManager: Shutting down and abandoning module OculusRift (15)
[2014.12.26-15.50.15:383][115]LogModuleManager: Shutting down and abandoning module ExampleDeviceProfileSelector (14)
[2014.12.26-15.50.15:383][115]LogModuleManager: Shutting down and abandoning module TextureCompressor (13)
[2014.12.26-15.50.15:383][115]LogModuleManager: Shutting down and abandoning module ShaderCore (12)
[2014.12.26-15.50.15:383][115]LogModuleManager: Shutting down and abandoning module Landscape (11)
[2014.12.26-15.50.15:383][115]LogModuleManager: Shutting down and abandoning module SlateRHIRenderer (10)
[2014.12.26-15.50.15:386][115]LogModuleManager: Shutting down and abandoning module OpenGLDrv (9)
[2014.12.26-15.50.15:386][115]LogModuleManager: Shutting down and abandoning module D3D11RHI (8)
[2014.12.26-15.50.15:386][115]LogModuleManager: Shutting down and abandoning module Renderer (7)
[2014.12.26-15.50.15:386][115]LogModuleManager: Shutting down and abandoning module Engine (6)
[2014.12.26-15.50.15:386][115]LogModuleManager: Shutting down and abandoning module CoreUObject (5)
[2014.12.26-15.50.15:386][115]LogModuleManager: Shutting down and abandoning module NetworkFile (4)
[2014.12.26-15.50.15:386][115]LogModuleManager: Shutting down and abandoning module StreamingFile (3)
[2014.12.26-15.50.15:386][115]LogModuleManager: Shutting down and abandoning module SandboxFile (2)
[2014.12.26-15.50.15:386][115]LogModuleManager: Shutting down and abandoning module PakFile (1)
[2014.12.26-15.50.15:387][115]LogExit: Exiting.
[2014.12.26-15.50.15:401][115]Log file closed, 12/27/14 00:50:15
