Log file open, 12/27/14 00:05:17
LogInit:Display: Running engine for game: phy_start
LogInit: Version: 4.6.1-2386410+++depot+UE4-Releases+4.6
LogInit: API Version: 2369412
LogInit: Compiled (64-bit): Dec 11 2014 21:31:39
LogInit: Compiled with Visual C++: 18.00.21005.01
LogInit: Build Configuration: Development
LogInit: Branch Name: ++depot+UE4-Releases+4.6
LogInit: Command line:  
LogInit: Base directory: H:/Program Files/Unreal Engine/4.6/Engine/Binaries/Win64/
LogInit: Rocket: 1
[2014.12.26-15.05.17:775][  0]LogTaskGraph: Started task graph with 3 named threads and 8 total threads.
[2014.12.26-15.05.17:860][  0]LogOnline:Warning: No default platform service specified for OnlineSubsystem
[2014.12.26-15.05.17:905][  0]LogInit: Presizing for 0 objects not considered by GC, pre-allocating 0 bytes.
[2014.12.26-15.05.17:917][  0]LogInit: Object subsystem initialized
[2014.12.26-15.05.17:919][  0]LogConsoleResponse:Warning: Skipping Unknown console variable: 'UIScaleRule = ShortestSide'
[2014.12.26-15.05.17:919][  0]LogConsoleResponse:Warning:   Found in ini file 'H:/Users/VAIOUSER/Documents/Unreal Projects/phy_start/Saved/Config/Windows/Engine.ini', in section '[/Script/Engine.RendererSettings]'
[2014.12.26-15.05.17:919][  0]LogConsoleResponse:Warning: Skipping Unknown console variable: 'UIScaleCurve = (EditorCurveData=(Keys=),ExternalCurve=None)'
[2014.12.26-15.05.17:919][  0]LogConsoleResponse:Warning:   Found in ini file 'H:/Users/VAIOUSER/Documents/Unreal Projects/phy_start/Saved/Config/Windows/Engine.ini', in section '[/Script/Engine.RendererSettings]'
[2014.12.26-15.05.17:920][  0]LogConsoleManager:Warning: Console variable 'r.MSAA.CompositingSampleCount' wasn't set (Priority ProjectSetting < Scalability)
[2014.12.26-15.05.17:920][  0]LogInit: Selected Device Profile: [Windows]
[2014.12.26-15.05.17:920][  0]LogInit: Applying CVar settings loaded from the selected device profile: [Windows]
[2014.12.26-15.05.17:938][  0]LogInit: Computer: VAIOUSER-PC
[2014.12.26-15.05.17:938][  0]LogInit: User: vaiouser
[2014.12.26-15.05.17:938][  0]LogInit: CPU Page size=4096, Cores=8
[2014.12.26-15.05.17:938][  0]LogInit: High frequency timer resolution =2.350791 MHz
[2014.12.26-15.05.17:938][  0]LogMemory: Memory total: Physical=15.9GB (16GB approx) Virtual=8192.0GB
[2014.12.26-15.05.17:938][  0]LogMemory: Platform Memory Stats for Windows
[2014.12.26-15.05.17:938][  0]LogMemory: Process Physical Memory: 53.78 MB used, 53.78 MB peak
[2014.12.26-15.05.17:938][  0]LogMemory: Process Virtual Memory: 28.63 MB used, 28.63 MB peak
[2014.12.26-15.05.17:938][  0]LogMemory: Physical Memory: 5268.85 MB used, 16324.69 MB total
[2014.12.26-15.05.17:938][  0]LogMemory: Virtual Memory: 266.88 MB used, 8388608.00 MB total
[2014.12.26-15.05.18:031][  0]LogD3D11RHI: Found D3D11 adapter 0: NVIDIA GeForce GTX 660   (Feature Level 11_0)
[2014.12.26-15.05.18:031][  0]LogD3D11RHI: Adapter has 1989MB of dedicated video memory, 0MB of dedicated system memory, and 2048MB of shared system memory, 1 output[s]
[2014.12.26-15.05.18:031][  0]LogD3D11RHI: Chosen D3D11 Adapter Id = 0
[2014.12.26-15.05.18:039][  0]LogRHI: Texture pool is 1361 MB (70% of 1945 MB)
[2014.12.26-15.05.18:057][  0]LogD3D11RHI: Async texture creation enabled
[2014.12.26-15.05.18:833][  0]LogTextLocalizationManager: The requested culture ('ja_JP') has no localization data; parent culture's ('ja') localization data will be used.
[2014.12.26-15.05.19:052][  0]LogContentStreaming: Texture pool size is 0.000000MB
[2014.12.26-15.05.28:240][  0]LogTargetPlatformManager:Display: Building Assets For Windows
[2014.12.26-15.05.29:080][  0]LogTargetPlatformManager:Display: Building Assets For Windows
[2014.12.26-15.05.29:170][  0]LogDerivedDataCache:Display: Max Cache Size: 512 MB
[2014.12.26-15.05.29:222][  0]LogDerivedDataCache: Loaded boot cache 0.05s 39MB C:/Users/vaiouser/AppData/Local/UnrealEngine/4.6/DerivedDataCache/Boot.ddc.
[2014.12.26-15.05.29:222][  0]LogDerivedDataCache:Display: Loaded Boot cache: C:/Users/vaiouser/AppData/Local/UnrealEngine/4.6/DerivedDataCache/Boot.ddc
[2014.12.26-15.05.29:223][  0]LogDerivedDataCache: FDerivedDataBackendGraph:  Pak pak cache file ../../../../../../Users/VAIOUSER/Documents/Unreal Projects/phy_start/DerivedDataCache/DDC.ddp not found, will not use a pak cache.
[2014.12.26-15.05.29:223][  0]LogDerivedDataCache: Unable to find inner node Pak for hierarchical cache Hierarchy.
[2014.12.26-15.05.29:320][  0]LogDerivedDataCache:Display: Pak cache opened for reading ../../../Engine/DerivedDataCache/DDC.ddp.
[2014.12.26-15.05.29:338][  0]LogDerivedDataCache: Using Local data cache path C:/Users/vaiouser/AppData/Local/UnrealEngine/Common/DerivedDataCache: Writable
[2014.12.26-15.05.29:669][  0]LogCollisionProfile:Warning: Profile (UI) - Custom Channel Name = 'Weapon' hasn't been found
[2014.12.26-15.05.29:954][  0]LogMeshUtilities: No automatic mesh reduction module available
[2014.12.26-15.05.29:954][  0]LogMeshUtilities: No automatic mesh merging module available
[2014.12.26-15.05.30:613][  0]LogInit: WinSock: version 1.1 (2.2), MaxSocks=32767, MaxUdp=65467
[2014.12.26-15.05.30:726][  0]LogSlate:Warning: Failed to load font data from '../../../Engine/Content/Slate/Fonts/Roboto-Italic.ttf'
[2014.12.26-15.05.32:685][  0]UdpMessaging: Initializing bridge on interface 0.0.0.0:0 to multicast group 230.0.0.1:6666.
[2014.12.26-15.05.32:954][  0]LogDirectoryWatcher:Warning: Failed to begin reading directory changes for H:/Users/VAIOUSER/Documents/Unreal Projects/phy_start/Binaries/Win64. Error: 0
[2014.12.26-15.05.33:236][  0]SourceControl: 情報 ソースコントロールは無効です
[2014.12.26-15.05.33:236][  0]SourceControl: 情報 ソースコントロールは無効です
[2014.12.26-15.05.33:247][  0]SourceControl: 情報 ソースコントロールは無効です
[2014.12.26-15.05.33:550][  0]LogAssetRegistry: FAssetRegistry took 0.0103 seconds to start up
[2014.12.26-15.05.33:551][  0]LogDirectoryWatcher:Warning: Failed to begin reading directory changes for ../../../Engine/Plugins/Experimental/CharacterAI/Content/. Error: 0
[2014.12.26-15.05.33:608][  0]LogObj: 23907 objects as part of root set at end of initial load.
[2014.12.26-15.05.33:608][  0]LogUObjectAllocator: 5195336 out of 0 bytes used by permanent object pool.
[2014.12.26-15.05.33:692][  0]LogEngine: Initializing Engine...
[2014.12.26-15.05.33:941][  0]LogInit: XAudio2 using 'スピーカー (Realtek High Definition Audio)' : 2 channels at 48 kHz using 32 bits per sample (channel mask 0x3)
[2014.12.26-15.05.33:967][  0]LogInit: FAudioDevice initialized.
[2014.12.26-15.05.33:999][  0]LogAIModule: Creating AISystem for world NewWorld
[2014.12.26-15.05.34:027][  0]LogDerivedDataCache: Saved boot cache 0.03s 39MB C:/Users/vaiouser/AppData/Local/UnrealEngine/4.6/DerivedDataCache/Boot.ddc.
[2014.12.26-15.05.34:037][  0]LogInit: Texture streaming: Enabled
[2014.12.26-15.05.34:081][  0]LogAnalytics: Creating configured Analytics provider AnalyticsET
[2014.12.26-15.05.34:081][  0]LogAnalytics: ET APIKey = Rocket.Release. APIServer = http://et2.epicgames.com/ET2/. AppVersion = 4.6.1-2386410+++depot+UE4-Releases+4.6
[2014.12.26-15.05.34:084][  0]LogAnalytics: SetUserId 27b19a72d94e7ba912d2751e96094a15
[2014.12.26-15.05.34:084][  0]LogAnalytics: AnalyticsET::StartSession [Rocket.Release]
[2014.12.26-15.05.34:115][  0]LogInit: Transaction tracking system initialized
[2014.12.26-15.05.34:271][  0]BlueprintLog: New page: エディタの読み込み
[2014.12.26-15.05.35:229][  0]LogTargetPlatformManager:Display: Building Assets For Windows
[2014.12.26-15.05.35:842][  0]LogTargetPlatformManager:Display: Building Assets For Windows
[2014.12.26-15.05.36:223][  0]LogConsoleResponse:Display: 
[2014.12.26-15.05.36:308][  0]LogLinker:Warning: Asset '../../../Engine/Content/Functions/Engine_MaterialFunctions03/Procedurals/ComputeFilterWidth.uasset' has been saved with empty engine version. The asset will be loaded but may be incompatible.
[2014.12.26-15.05.36:686][  0]SourceControl: 情報 ソースコントロールは無効です
[2014.12.26-15.05.36:687][  0]Cmd: MAP LOAD FILE="../../../../../../Users/VAIOUSER/Documents/Unreal Projects/phy_start/Content/Maps/Untitled.umap" TEMPLATE=0 SHOWPROGRESS=1
[2014.12.26-15.05.36:689][  0]LightingResults: New page: ライティングのビルド
[2014.12.26-15.05.36:713][  0]MapCheck: New page: マップをチェック
[2014.12.26-15.05.36:713][  0]LightingResults: New page: <何も選択されていません>
[2014.12.26-15.05.36:724][  0]LogParticles: Destroying 0 GPU particle simulations for FXSystem 0x000000001B74AAC0
[2014.12.26-15.05.37:686][  0]LogPhysics:Warning: Attempting to create a linear joint drive for an locked axis.
[2014.12.26-15.05.37:690][  0]LogEditorServer: Finished looking for orphan Actors (0.000 secs)
[2014.12.26-15.05.37:690][  0]LogAIModule: Creating AISystem for world Untitled
[2014.12.26-15.05.37:690][  0]Cmd: MAP CHECKDEP
[2014.12.26-15.05.37:690][  0]MapCheck: New page: Untitled - 2014/12/27 9:05:37
[2014.12.26-15.05.37:965][  0]MapCheck: 情報 マップチェックが完了: 0 エラー、 0 警告、完了に 274.287ミリ秒かかりました。
[2014.12.26-15.05.37:965][  0]LogFileHelpers: Loading map 'Untitled' took 1.278
[2014.12.26-15.05.38:090][  0]LogCollectionManager: Loaded 0 collections in 0.001269 seconds
[2014.12.26-15.05.38:305][  0]LogCrashTracker: Crashtracker disabled due to settings.
[2014.12.26-15.05.38:315][  0]LogUObjectGlobals:Warning: オブジェクト 'Class なし.' が見つかりませんでした
[2014.12.26-15.05.38:361][  0]LogLoad: Full Startup: 23.30 seconds (BP compile: 0.07 seconds)
[2014.12.26-15.05.38:713][  0]LogContentBrowser:Verbose: The content browser source was changed by the sources view to '/Game/nicinico'
[2014.12.26-15.05.39:189][  0]LogRenderer:Warning: Reallocating scene render targets to support 840x1016.
[2014.12.26-15.05.40:369][  4]LogAssetRegistry: Asset discovery search completed in 6.8288 seconds
[2014.12.26-15.05.46:401][149]LogPlayLevel: PIE:  No blueprints needed recompiling
[2014.12.26-15.05.46:402][149]PIE: New page: PIEセッション: Untitled (2014/12/27 9:05:46)
[2014.12.26-15.05.46:408][149]LogPlayLevel: PIE: StaticDuplicateObject took: (0.006123s)
[2014.12.26-15.05.46:409][149]LogPlayLevel: PIE: World Init took: (0.000704s)
[2014.12.26-15.05.46:409][149]LogPlayLevel: PIE: Created PIE world by copying editor world from /Game/Maps/Untitled.Untitled to /Game/Maps/UEDPIE_0_Untitled.Untitled (0.007007s)
[2014.12.26-15.05.46:459][149]LogWorld: Game class is 'GameMode'
[2014.12.26-15.05.46:463][149]LogAIModule: Creating AISystem for world Untitled
[2014.12.26-15.05.46:464][149]LogPhysics:Warning: Attempting to create a linear joint drive for an locked axis.
[2014.12.26-15.05.46:466][149]LogWorld: Bringing World /Game/Maps/UEDPIE_0_Untitled.Untitled up for play (max tick rate 0) at 2014.12.27-00.05.46
[2014.12.26-15.05.46:467][149]LogWorld: Bringing up level for play took: 0.003842
[2014.12.26-15.05.46:469][149]PIE: 情報 /Game/Maps/UEDPIE_0_Untitled 0.284のPIE開始時間
[2014.12.26-15.05.54:813][788]LogParticles: Destroying 0 GPU particle simulations for FXSystem 0x0000000022059940
[2014.12.26-15.06.02:196][353]LogSlateStyle:Warning: スレートウィジェットスタイル 'ViewportLayoutToolbar.Label' が見つかりません。代わりに FTextBlockStyle をデフォルトに使用します。
[2014.12.26-15.06.02:197][353]LogSlateStyle:Warning: スレートウィジェットスタイル 'ViewportLayoutToolbar.Button' が見つかりません。代わりに FButtonStyle をデフォルトに使用します。
[2014.12.26-15.06.02:197][353]LogSlateStyle:Warning: スレートウィジェットスタイル 'ViewportLayoutToolbar.Label' が見つかりません。代わりに FTextBlockStyle をデフォルトに使用します。
[2014.12.26-15.06.02:197][353]LogSlateStyle:Warning: スレートウィジェットスタイル 'ViewportLayoutToolbar.Label' が見つかりません。代わりに FTextBlockStyle をデフォルトに使用します。
[2014.12.26-15.06.02:198][353]LogSlateStyle:Warning: スレートウィジェットスタイル 'ViewportLayoutToolbar.Button' が見つかりません。代わりに FButtonStyle をデフォルトに使用します。
[2014.12.26-15.06.02:198][353]LogSlateStyle:Warning: スレートウィジェットスタイル 'ViewportLayoutToolbar.Label' が見つかりません。代わりに FTextBlockStyle をデフォルトに使用します。
[2014.12.26-15.06.02:198][353]LogSlateStyle:Warning: スレートウィジェットスタイル 'ViewportLayoutToolbar.Label' が見つかりません。代わりに FTextBlockStyle をデフォルトに使用します。
[2014.12.26-15.06.02:199][353]LogSlateStyle:Warning: スレートウィジェットスタイル 'ViewportLayoutToolbar.Label' が見つかりません。代わりに FTextBlockStyle をデフォルトに使用します。
[2014.12.26-15.06.02:199][353]LogSlateStyle:Warning: スレートウィジェットスタイル 'ViewportLayoutToolbar.Label' が見つかりません。代わりに FTextBlockStyle をデフォルトに使用します。
[2014.12.26-15.06.02:199][353]LogSlateStyle:Warning: スレートウィジェットスタイル 'ViewportLayoutToolbar.Button' が見つかりません。代わりに FButtonStyle をデフォルトに使用します。
[2014.12.26-15.06.02:200][353]LogSlateStyle:Warning: スレートウィジェットスタイル 'ViewportLayoutToolbar.Label' が見つかりません。代わりに FTextBlockStyle をデフォルトに使用します。
[2014.12.26-15.06.02:200][353]LogSlateStyle:Warning: スレートウィジェットスタイル 'ViewportLayoutToolbar.Label' が見つかりません。代わりに FTextBlockStyle をデフォルトに使用します。
[2014.12.26-15.06.02:200][353]LogSlateStyle:Warning: スレートウィジェットスタイル 'ViewportLayoutToolbar.Label' が見つかりません。代わりに FTextBlockStyle をデフォルトに使用します。
[2014.12.26-15.06.02:201][353]LogSlateStyle:Warning: スレートウィジェットスタイル 'ViewportLayoutToolbar.Label' が見つかりません。代わりに FTextBlockStyle をデフォルトに使用します。
[2014.12.26-15.06.02:201][353]LogSlateStyle:Warning: スレートウィジェットスタイル 'ViewportLayoutToolbar.Label' が見つかりません。代わりに FTextBlockStyle をデフォルトに使用します。
[2014.12.26-15.06.02:201][353]LogSlateStyle:Warning: スレートウィジェットスタイル 'ViewportLayoutToolbar.Button' が見つかりません。代わりに FButtonStyle をデフォルトに使用します。
[2014.12.26-15.06.05:650][631]LogEditorViewport: Clicking on Actor (LMB): BP_Sky_Sphere_C (BP_Sky_Shere)
[2014.12.26-15.06.14:512][ 60]Cmd: OBJ SAVEPACKAGE PACKAGE="/Game/Maps/Untitled" FILE="../../../../../../Users/VAIOUSER/Documents/Unreal Projects/phy_start/Content/Maps/Untitled.umap" SILENT=true AUTOSAVING=false KEEPDIRTY=false
[2014.12.26-15.06.14:603][ 60]LogSavePackage: Save=57.324108ms
[2014.12.26-15.06.14:603][ 60]LogSavePackage: Moving '../../../../../../Users/VAIOUSER/Documents/Unreal Projects/phy_start/Saved/UntitledDF3FA7F643C38230C072C397260D80AA.tmp' to '../../../../../../Users/VAIOUSER/Documents/Unreal Projects/phy_start/Content/Maps/Untitled.umap'
[2014.12.26-15.06.15:973][ 96]LogPlayLevel: PIE:  No blueprints needed recompiling
[2014.12.26-15.06.15:974][ 96]PIE: New page: PIEセッション: Untitled (2014/12/27 9:06:15)
[2014.12.26-15.06.15:983][ 96]LogPlayLevel: PIE: StaticDuplicateObject took: (0.008670s)
[2014.12.26-15.06.15:984][ 96]LogPlayLevel: PIE: World Init took: (0.001162s)
[2014.12.26-15.06.15:984][ 96]LogPlayLevel: PIE: Created PIE world by copying editor world from /Game/Maps/Untitled.Untitled to /Game/Maps/UEDPIE_0_Untitled.Untitled (0.010130s)
[2014.12.26-15.06.16:025][ 96]LogWorld: Game class is 'GameMode'
[2014.12.26-15.06.16:030][ 96]LogAIModule: Creating AISystem for world Untitled
[2014.12.26-15.06.16:032][ 96]LogPhysics:Warning: Attempting to create a linear joint drive for an locked axis.
[2014.12.26-15.06.16:036][ 96]LogWorld: Bringing World /Game/Maps/UEDPIE_0_Untitled.Untitled up for play (max tick rate 0) at 2014.12.27-00.06.16
[2014.12.26-15.06.16:038][ 96]LogWorld: Bringing up level for play took: 0.007101
[2014.12.26-15.06.16:040][ 96]PIE: 情報 /Game/Maps/UEDPIE_0_Untitled -0.146のPIE開始時間
[2014.12.26-15.06.45:312][430]LogParticles: Destroying 0 GPU particle simulations for FXSystem 0x000000001770E840
[2014.12.26-15.14.36:011][149]Cmd: QUIT_EDITOR
[2014.12.26-15.14.36:625][149]LogExit: Preparing to exit.
[2014.12.26-15.14.37:816][149]LogExit: Editor shut down
[2014.12.26-15.14.37:816][149]LogExit: Transaction tracking system shut down
[2014.12.26-15.14.37:817][149]LogParticles: Destroying 0 GPU particle simulations for FXSystem 0x00000000116D4180
[2014.12.26-15.14.37:863][149]LogParticles: Destroying 0 GPU particle simulations for FXSystem 0x0000000020172480
[2014.12.26-15.14.37:863][149]LogParticles: Destroying 0 GPU particle simulations for FXSystem 0x00000000201720C0
[2014.12.26-15.14.37:863][149]LogParticles: Destroying 0 GPU particle simulations for FXSystem 0x000000002009EE80
[2014.12.26-15.14.37:863][149]LogExit: Object subsystem successfully closed.
[2014.12.26-15.14.37:961][149]LogModuleManager: Shutting down and abandoning module AndroidDeviceDetection (174)
[2014.12.26-15.14.37:977][149]LogModuleManager: Shutting down and abandoning module CrashTracker (173)
[2014.12.26-15.14.37:977][149]LogModuleManager: Shutting down and abandoning module SuperSearch (172)
[2014.12.26-15.14.37:977][149]LogModuleManager: Shutting down and abandoning module SceneOutliner (171)
[2014.12.26-15.14.37:977][149]LogModuleManager: Shutting down and abandoning module EditorWidgets (170)
[2014.12.26-15.14.37:977][149]LogModuleManager: Shutting down and abandoning module CollectionManager (169)
[2014.12.26-15.14.37:977][149]LogModuleManager: Shutting down and abandoning module StatsViewer (168)
[2014.12.26-15.14.37:977][149]LogModuleManager: Shutting down and abandoning module FoliageEdit (167)
[2014.12.26-15.14.37:977][149]LogModuleManager: Shutting down and abandoning module LandscapeEditor (166)
[2014.12.26-15.14.37:978][149]LogModuleManager: Shutting down and abandoning module MeshPaint (165)
[2014.12.26-15.14.37:978][149]LogModuleManager: Shutting down and abandoning module ActorPickerMode (164)
[2014.12.26-15.14.37:978][149]LogModuleManager: Shutting down and abandoning module GeometryMode (163)
[2014.12.26-15.14.37:978][149]LogModuleManager: Shutting down and abandoning module TextureAlignMode (162)
[2014.12.26-15.14.37:978][149]LogModuleManager: Shutting down and abandoning module BspMode (161)
[2014.12.26-15.14.37:978][149]LogModuleManager: Shutting down and abandoning module PlacementMode (160)
[2014.12.26-15.14.37:978][149]LogModuleManager: Shutting down and abandoning module AutomationWorker (159)
[2014.12.26-15.14.37:978][149]LogModuleManager: Shutting down and abandoning module CharacterAI (158)
[2014.12.26-15.14.37:978][149]LogModuleManager: Shutting down and abandoning module GameProjectGeneration (157)
[2014.12.26-15.14.37:978][149]LogModuleManager: Shutting down and abandoning module IntroTutorials (156)
[2014.12.26-15.14.37:978][149]LogModuleManager: Shutting down and abandoning module EditorLiveStreaming (155)
[2014.12.26-15.14.37:978][149]LogModuleManager: Shutting down and abandoning module HardwareTargeting (154)
[2014.12.26-15.14.37:978][149]LogModuleManager: Shutting down and abandoning module DeviceProfileEditor (153)
[2014.12.26-15.14.37:978][149]LogModuleManager: Shutting down and abandoning module UndoHistory (152)
[2014.12.26-15.14.37:978][149]LogModuleManager: Shutting down and abandoning module GameplayTagsEditor (151)
[2014.12.26-15.14.37:978][149]LogModuleManager: Shutting down and abandoning module UserFeedback (150)
[2014.12.26-15.14.37:978][149]LogModuleManager: Shutting down and abandoning module XmlParser (149)
[2014.12.26-15.14.37:978][149]LogModuleManager: Shutting down and abandoning module Blutility (148)
[2014.12.26-15.14.37:978][149]LogModuleManager: Shutting down and abandoning module IOSPlatformEditor (147)
[2014.12.26-15.14.37:978][149]LogModuleManager: Shutting down and abandoning module IOSRuntimeSettings (146)
[2014.12.26-15.14.37:978][149]LogModuleManager: Shutting down and abandoning module AndroidPlatformEditor (145)
[2014.12.26-15.14.37:978][149]LogModuleManager: Shutting down and abandoning module AndroidRuntimeSettings (144)
[2014.12.26-15.14.37:978][149]LogModuleManager: Shutting down and abandoning module ProjectTargetPlatformEditor (143)
[2014.12.26-15.14.37:979][149]LogModuleManager: Shutting down and abandoning module ProjectSettingsViewer (142)
[2014.12.26-15.14.37:979][149]LogModuleManager: Shutting down and abandoning module InputBindingEditor (141)
[2014.12.26-15.14.37:979][149]LogModuleManager: Shutting down and abandoning module EditorSettingsViewer (140)
[2014.12.26-15.14.37:979][149]LogModuleManager: Shutting down and abandoning module SettingsEditor (139)
[2014.12.26-15.14.37:979][149]LogModuleManager: Shutting down and abandoning module ProjectLauncher (138)
[2014.12.26-15.14.37:979][149]LogModuleManager: Shutting down and abandoning module SessionFrontend (137)
[2014.12.26-15.14.37:979][149]LogModuleManager: Shutting down and abandoning module ProfilerClient (136)
[2014.12.26-15.14.37:979][149]LogModuleManager: Shutting down and abandoning module TargetDeviceServices (135)
[2014.12.26-15.14.37:979][149]LogModuleManager: Shutting down and abandoning module DeviceManager (134)
[2014.12.26-15.14.37:980][149]LogModuleManager: Shutting down and abandoning module AutomationController (133)
[2014.12.26-15.14.37:980][149]LogModuleManager: Shutting down and abandoning module AutomationWindow (132)
[2014.12.26-15.14.37:980][149]LogModuleManager: Shutting down and abandoning module Layers (131)
[2014.12.26-15.14.37:980][149]LogModuleManager: Shutting down and abandoning module ComponentVisualizers (130)
[2014.12.26-15.14.37:980][149]LogModuleManager: Shutting down and abandoning module DetailCustomizations (129)
[2014.12.26-15.14.37:980][149]LogModuleManager: Shutting down and abandoning module PackagesDialog (128)
[2014.12.26-15.14.37:980][149]LogModuleManager: Shutting down and abandoning module Persona (127)
[2014.12.26-15.14.37:980][149]LogModuleManager: Shutting down and abandoning module Kismet (126)
[2014.12.26-15.14.37:980][149]LogModuleManager: Shutting down and abandoning module GraphEditor (125)
[2014.12.26-15.14.37:981][149]LogModuleManager: Shutting down and abandoning module ClassViewer (124)
[2014.12.26-15.14.37:981][149]LogModuleManager: Shutting down and abandoning module Toolbox (123)
[2014.12.26-15.14.37:981][149]LogModuleManager: Shutting down and abandoning module ModuleUI (122)
[2014.12.26-15.14.37:981][149]LogModuleManager: Shutting down and abandoning module MovieSceneTools (121)
[2014.12.26-15.14.37:981][149]LogModuleManager: Shutting down and abandoning module OutputLog (120)
[2014.12.26-15.14.37:981][149]LogModuleManager: Shutting down and abandoning module GammaUI (119)
[2014.12.26-15.14.37:981][149]LogModuleManager: Shutting down and abandoning module Documentation (118)
[2014.12.26-15.14.37:981][149]LogModuleManager: Shutting down and abandoning module GameLiveStreaming (117)
[2014.12.26-15.14.37:981][149]LogModuleManager: Shutting down and abandoning module StreamingPauseRendering (116)
[2014.12.26-15.14.37:981][149]LogModuleManager: Shutting down and abandoning module HTTP (115)
[2014.12.26-15.14.37:981][149]LogModuleManager: Shutting down and abandoning module AnalyticsET (114)
[2014.12.26-15.14.37:981][149]LogModuleManager: Shutting down and abandoning module Analytics (113)
[2014.12.26-15.14.37:981][149]LogModuleManager: Shutting down and abandoning module AITestSuite (112)
[2014.12.26-15.14.37:981][149]LogModuleManager: Shutting down and abandoning module AIModule (111)
[2014.12.26-15.14.37:981][149]LogModuleManager: Shutting down and abandoning module ProfilerService (110)
[2014.12.26-15.14.38:179][149]LogModuleManager: Shutting down and abandoning module TaskGraph (109)
[2014.12.26-15.14.38:179][149]LogModuleManager: Shutting down and abandoning module GameplayDebugger (108)
[2014.12.26-15.14.38:179][149]LogModuleManager: Shutting down and abandoning module SubstanceEditor (107)
[2014.12.26-15.14.38:179][149]LogModuleManager: Shutting down and abandoning module AssetRegistry (106)
[2014.12.26-15.14.38:226][149]LogModuleManager: Shutting down and abandoning module SubstanceCore (105)
[2014.12.26-15.14.38:226][149]LogModuleManager: Shutting down and abandoning module SlateRemote (104)
[2014.12.26-15.14.38:226][149]LogModuleManager: Shutting down and abandoning module ScriptEditorPlugin (103)
[2014.12.26-15.14.38:226][149]LogModuleManager: Shutting down and abandoning module CustomMeshComponent (102)
[2014.12.26-15.14.38:226][149]LogModuleManager: Shutting down and abandoning module CableComponent (101)
[2014.12.26-15.14.38:226][149]LogModuleManager: Shutting down and abandoning module MessagingDebugger (100)
[2014.12.26-15.14.38:226][149]LogModuleManager: Shutting down and abandoning module MediaPlayerEditor (99)
[2014.12.26-15.14.38:226][149]LogModuleManager: Shutting down and abandoning module SpeedTreeImporter (98)
[2014.12.26-15.14.38:226][149]LogModuleManager: Shutting down and abandoning module PluginsEditor (97)
[2014.12.26-15.14.38:226][149]LogModuleManager: Shutting down and abandoning module EpicSurvey (96)
[2014.12.26-15.14.38:226][149]LogModuleManager: Shutting down and abandoning module DesktopPlatform (95)
[2014.12.26-15.14.38:226][149]LogModuleManager: Shutting down and abandoning module VisualStudioSourceCodeAccess (94)
[2014.12.26-15.14.38:227][149]LogModuleManager: Shutting down and abandoning module UObjectPlugin (93)
[2014.12.26-15.14.38:227][149]LogModuleManager: Shutting down and abandoning module SubversionSourceControl (92)
[2014.12.26-15.14.38:227][149]LogModuleManager: Shutting down and abandoning module SourceControl (91)
[2014.12.26-15.14.38:227][149]LogModuleManager: Shutting down and abandoning module PerforceSourceControl (90)
[2014.12.26-15.14.38:227][149]LogModuleManager: Shutting down and abandoning module BlankPlugin (89)
[2014.12.26-15.14.38:227][149]LogModuleManager: Shutting down and abandoning module SlateReflector (88)
[2014.12.26-15.14.38:227][149]LogModuleManager: Shutting down and abandoning module DirectoryWatcher (87)
[2014.12.26-15.14.38:227][149]LogModuleManager: Shutting down and abandoning module HotReload (86)
[2014.12.26-15.14.38:227][149]LogModuleManager: Shutting down and abandoning module MainFrame (85)
[2014.12.26-15.14.38:227][149]LogModuleManager: Shutting down and abandoning module LevelEditor (84)
[2014.12.26-15.14.38:229][149]LogModuleManager: Shutting down and abandoning module ViewportSnapping (83)
[2014.12.26-15.14.38:229][149]LogModuleManager: Shutting down and abandoning module SmartSnapping (82)
[2014.12.26-15.14.38:229][149]LogModuleManager: Shutting down and abandoning module PaperTiledImporter (81)
[2014.12.26-15.14.38:229][149]LogModuleManager: Shutting down and abandoning module PaperJsonImporter (80)
[2014.12.26-15.14.38:229][149]LogModuleManager: Shutting down and abandoning module ContentBrowser (79)
[2014.12.26-15.14.38:229][149]LogModuleManager: Shutting down and abandoning module Paper2DEditor (78)
[2014.12.26-15.14.38:229][149]LogModuleManager: Shutting down and abandoning module ScriptPlugin (77)
[2014.12.26-15.14.38:229][149]LogModuleManager: Shutting down and abandoning module UdpMessaging (76)
[2014.12.26-15.14.38:329][149]LogModuleManager: Shutting down and abandoning module Paper2D (75)
[2014.12.26-15.14.38:329][149]LogModuleManager: Shutting down and abandoning module UE4Game (74)
[2014.12.26-15.14.38:329][149]LogModuleManager: Shutting down and abandoning module WindowsMoviePlayer (73)
[2014.12.26-15.14.38:333][149]LogModuleManager: Shutting down and abandoning module Media (72)
[2014.12.26-15.14.38:333][149]LogModuleManager: Shutting down and abandoning module WmfMedia (71)
[2014.12.26-15.14.38:334][149]LogModuleManager: Shutting down and abandoning module OnlineBlueprintSupport (70)
[2014.12.26-15.14.38:334][149]LogModuleManager: Shutting down and abandoning module PropertyEditor (69)
[2014.12.26-15.14.38:334][149]LogModuleManager: Shutting down and abandoning module BehaviorTreeEditor (68)
[2014.12.26-15.14.38:334][149]LogModuleManager: Shutting down and abandoning module FunctionalTesting (67)
[2014.12.26-15.14.38:334][149]LogModuleManager: Shutting down and abandoning module CollisionAnalyzer (66)
[2014.12.26-15.14.38:334][149]LogModuleManager: Shutting down and abandoning module WorkspaceMenuStructure (65)
[2014.12.26-15.14.38:334][149]LogModuleManager: Shutting down and abandoning module MessageLog (64)
[2014.12.26-15.14.38:334][149]LogModuleManager: Shutting down and abandoning module Sequencer (63)
[2014.12.26-15.14.38:334][149]LogModuleManager: Shutting down and abandoning module AssetTools (62)
[2014.12.26-15.14.38:334][149]LogModuleManager: Shutting down and abandoning module UMGEditor (61)
[2014.12.26-15.14.38:334][149]LogModuleManager: Shutting down and abandoning module UMG (60)
[2014.12.26-15.14.38:334][149]LogModuleManager: Shutting down and abandoning module Slate (59)
[2014.12.26-15.14.38:334][149]LogModuleManager: Shutting down and abandoning module EditorStyle (58)
[2014.12.26-15.14.38:341][149]LogModuleManager: Shutting down and abandoning module SessionServices (57)
[2014.12.26-15.14.38:341][149]LogModuleManager: Shutting down and abandoning module SourceCodeAccess (56)
[2014.12.26-15.14.38:342][149]LogModuleManager: Shutting down and abandoning module HeadMountedDisplay (55)
[2014.12.26-15.14.38:342][149]LogModuleManager: Shutting down and abandoning module XAudio2 (54)
[2014.12.26-15.14.38:342][149]LogModuleManager: Shutting down and abandoning module Networking (52)
[2014.12.26-15.14.38:342][149]LogModuleManager: Shutting down and abandoning module Core (51)
[2014.12.26-15.14.38:342][149]LogModuleManager: Shutting down and abandoning module KismetCompiler (50)
[2014.12.26-15.14.38:342][149]LogModuleManager: Shutting down and abandoning module PhysXFormats (49)
[2014.12.26-15.14.38:342][149]LogModuleManager: Shutting down and abandoning module MeshUtilities (48)
[2014.12.26-15.14.38:342][149]LogModuleManager: Shutting down and abandoning module DerivedDataCache (47)
[2014.12.26-15.14.38:352][149]LogDerivedDataCache: Shutdown
[2014.12.26-15.14.38:352][149]LogModuleManager: Shutting down and abandoning module ShaderFormatOpenGL (46)
[2014.12.26-15.14.38:352][149]LogModuleManager: Shutting down and abandoning module ShaderFormatD3D (45)
[2014.12.26-15.14.38:352][149]LogModuleManager: Shutting down and abandoning module MetalShaderFormat (44)
[2014.12.26-15.14.38:352][149]LogModuleManager: Shutting down and abandoning module TextureFormatUncompressed (43)
[2014.12.26-15.14.38:352][149]LogModuleManager: Shutting down and abandoning module TextureFormatPVR (42)
[2014.12.26-15.14.38:352][149]LogModuleManager: Shutting down and abandoning module TextureFormatDXT (41)
[2014.12.26-15.14.38:352][149]LogModuleManager: Shutting down and abandoning module TextureFormatAndroid (40)
[2014.12.26-15.14.38:352][149]LogModuleManager: Shutting down and abandoning module AudioFormatOpus (39)
[2014.12.26-15.14.38:352][149]LogModuleManager: Shutting down and abandoning module AudioFormatOgg (38)
[2014.12.26-15.14.38:352][149]LogModuleManager: Shutting down and abandoning module AudioFormatADPCM (37)
[2014.12.26-15.14.38:352][149]LogModuleManager: Shutting down and abandoning module LinuxTargetPlatform (36)
[2014.12.26-15.14.38:352][149]LogModuleManager: Shutting down and abandoning module LinuxServerTargetPlatform (35)
[2014.12.26-15.14.38:352][149]LogModuleManager: Shutting down and abandoning module LinuxNoEditorTargetPlatform (34)
[2014.12.26-15.14.38:352][149]LogModuleManager: Shutting down and abandoning module Messaging (33)
[2014.12.26-15.14.38:352][149]LogModuleManager: Shutting down and abandoning module IOSTargetPlatform (32)
[2014.12.26-15.14.38:352][149]LogModuleManager: Shutting down and abandoning module Android_PVRTCTargetPlatform (31)
[2014.12.26-15.14.38:352][149]LogModuleManager: Shutting down and abandoning module Android_ETC2TargetPlatform (30)
[2014.12.26-15.14.38:352][149]LogModuleManager: Shutting down and abandoning module Android_ETC1TargetPlatform (29)
[2014.12.26-15.14.38:352][149]LogModuleManager: Shutting down and abandoning module Android_DXTTargetPlatform (28)
[2014.12.26-15.14.38:352][149]LogModuleManager: Shutting down and abandoning module Android_ATCTargetPlatform (27)
[2014.12.26-15.14.38:352][149]LogModuleManager: Shutting down and abandoning module AndroidTargetPlatform (26)
[2014.12.26-15.14.38:352][149]LogModuleManager: Shutting down and abandoning module WindowsTargetPlatform (25)
[2014.12.26-15.14.38:352][149]LogModuleManager: Shutting down and abandoning module WindowsServerTargetPlatform (24)
[2014.12.26-15.14.38:352][149]LogModuleManager: Shutting down and abandoning module WindowsNoEditorTargetPlatform (23)
[2014.12.26-15.14.38:352][149]LogModuleManager: Shutting down and abandoning module WindowsClientTargetPlatform (22)
[2014.12.26-15.14.38:352][149]LogModuleManager: Shutting down and abandoning module TargetPlatform (21)
[2014.12.26-15.14.38:352][149]LogModuleManager: Shutting down and abandoning module InputCore (20)
[2014.12.26-15.14.38:352][149]LogModuleManager: Shutting down and abandoning module Settings (19)
[2014.12.26-15.14.38:352][149]LogModuleManager: Shutting down and abandoning module ImageWrapper (18)
[2014.12.26-15.14.38:352][149]LogModuleManager: Shutting down and abandoning module OculusRift (15)
[2014.12.26-15.14.38:352][149]LogModuleManager: Shutting down and abandoning module ExampleDeviceProfileSelector (14)
[2014.12.26-15.14.38:352][149]LogModuleManager: Shutting down and abandoning module TextureCompressor (13)
[2014.12.26-15.14.38:352][149]LogModuleManager: Shutting down and abandoning module ShaderCore (12)
[2014.12.26-15.14.38:352][149]LogModuleManager: Shutting down and abandoning module Landscape (11)
[2014.12.26-15.14.38:352][149]LogModuleManager: Shutting down and abandoning module SlateRHIRenderer (10)
[2014.12.26-15.14.38:354][149]LogModuleManager: Shutting down and abandoning module OpenGLDrv (9)
[2014.12.26-15.14.38:354][149]LogModuleManager: Shutting down and abandoning module D3D11RHI (8)
[2014.12.26-15.14.38:354][149]LogModuleManager: Shutting down and abandoning module Renderer (7)
[2014.12.26-15.14.38:354][149]LogModuleManager: Shutting down and abandoning module Engine (6)
[2014.12.26-15.14.38:354][149]LogModuleManager: Shutting down and abandoning module CoreUObject (5)
[2014.12.26-15.14.38:354][149]LogModuleManager: Shutting down and abandoning module NetworkFile (4)
[2014.12.26-15.14.38:354][149]LogModuleManager: Shutting down and abandoning module StreamingFile (3)
[2014.12.26-15.14.38:354][149]LogModuleManager: Shutting down and abandoning module SandboxFile (2)
[2014.12.26-15.14.38:354][149]LogModuleManager: Shutting down and abandoning module PakFile (1)
[2014.12.26-15.14.38:355][149]LogExit: Exiting.
[2014.12.26-15.14.38:364][149]Log file closed, 12/27/14 00:14:38
